[debug] [2022-07-04T13:54:01.036Z] ----------------------------------------------------------------------
[debug] [2022-07-04T13:54:01.039Z] Command:       C:\Program Files\nodejs\node.exe C:\Users\Pravith ba\AppData\Roaming\npm\node_modules\firebase-tools\lib\bin\firebase.js init
[debug] [2022-07-04T13:54:01.040Z] CLI Version:   11.1.0
[debug] [2022-07-04T13:54:01.040Z] Platform:      win32
[debug] [2022-07-04T13:54:01.040Z] Node Version:  v16.4.0
[debug] [2022-07-04T13:54:01.041Z] Time:          Mon Jul 04 2022 19:24:01 GMT+0530 (India Standard Time)
[debug] [2022-07-04T13:54:01.041Z] ----------------------------------------------------------------------
[debug] 
[debug] [2022-07-04T13:54:01.050Z] > command requires scopes: ["email","openid","https://www.googleapis.com/auth/cloudplatformprojects.readonly","https://www.googleapis.com/auth/firebase","https://www.googleapis.com/auth/cloud-platform"]
[debug] [2022-07-04T13:54:01.050Z] > authorizing via signed-in user (pravithba10@gmail.com)
[info] 
     ######## #### ########  ######## ########     ###     ######  ########
     ##        ##  ##     ## ##       ##     ##  ##   ##  ##       ##
     ######    ##  ########  ######   ########  #########  ######  ######
     ##        ##  ##    ##  ##       ##     ## ##     ##       ## ##
     ##       #### ##     ## ######## ########  ##     ##  ######  ########

You're about to initialize a Firebase project in this directory:

  C:\Users\Pravith ba\Desktop\Programing projects\Assignment-finstack

[debug] [2022-07-04T13:55:01.637Z] ----------------------------------------------------------------------
[debug] [2022-07-04T13:55:01.640Z] Command:       C:\Program Files\nodejs\node.exe C:\Users\Pravith ba\AppData\Roaming\npm\node_modules\firebase-tools\lib\bin\firebase.js init
[debug] [2022-07-04T13:55:01.641Z] CLI Version:   11.1.0
[debug] [2022-07-04T13:55:01.641Z] Platform:      win32
[debug] [2022-07-04T13:55:01.642Z] Node Version:  v16.4.0
[debug] [2022-07-04T13:55:01.643Z] Time:          Mon Jul 04 2022 19:25:01 GMT+0530 (India Standard Time)
[debug] [2022-07-04T13:55:01.643Z] ----------------------------------------------------------------------
[debug] 
[debug] [2022-07-04T13:55:01.655Z] > command requires scopes: ["email","openid","https://www.googleapis.com/auth/cloudplatformprojects.readonly","https://www.googleapis.com/auth/firebase","https://www.googleapis.com/auth/cloud-platform"]
[debug] [2022-07-04T13:55:01.655Z] > authorizing via signed-in user (pravithba10@gmail.com)
[info] 
     ######## #### ########  ######## ########     ###     ######  ########
     ##        ##  ##     ## ##       ##     ##  ##   ##  ##       ##
     ######    ##  ########  ######   ########  #########  ######  ######
     ##        ##  ##    ##  ##       ##     ## ##     ##       ## ##
     ##       #### ##     ## ######## ########  ##     ##  ######  ########

You're about to initialize a Firebase project in this directory:

  C:\Users\Pravith ba\Desktop\Programing projects\Assignment-finstack

[info] 
=== Project Setup
[info] 
[info] First, let's associate this project directory with a Firebase project.
[info] You can create multiple project aliases by running firebase use --add, 
[info] but for now we'll just set up a default project.
[info] 
[debug] [2022-07-04T13:55:21.963Z] > refreshing access token with scopes: []
[debug] [2022-07-04T13:55:21.965Z] >>> [apiv2][query] POST https://www.googleapis.com/oauth2/v3/token [none]
[debug] [2022-07-04T13:55:21.966Z] >>> [apiv2][body] POST https://www.googleapis.com/oauth2/v3/token [omitted]
[debug] [2022-07-04T13:55:22.146Z] <<< [apiv2][status] POST https://www.googleapis.com/oauth2/v3/token 200
[debug] [2022-07-04T13:55:22.147Z] <<< [apiv2][body] POST https://www.googleapis.com/oauth2/v3/token [omitted]
[debug] [2022-07-04T13:55:22.170Z] >>> [apiv2][query] GET https://firebase.googleapis.com/v1beta1/projects pageSize=100
[debug] [2022-07-04T13:55:22.877Z] <<< [apiv2][status] GET https://firebase.googleapis.com/v1beta1/projects 200
[debug] [2022-07-04T13:55:22.877Z] <<< [apiv2][body] GET https://firebase.googleapis.com/v1beta1/projects [omitted]
[info] i  Using project asignment-a307c (asignment) 
[info] 
=== Hosting Setup
[info] 
[info] Your public directory is the folder (relative to your project directory) that
[info] will contain Hosting assets to be uploaded with firebase deploy. If you
[info] have a build process for your assets, use your build's output directory.
[info] 
[info] +  Wrote build/404.html 
[debug] [2022-07-04T13:55:44.621Z] >>> [apiv2][query] GET https://www.gstatic.com/firebasejs/releases.json [none]
[debug] [2022-07-04T13:55:44.730Z] <<< [apiv2][status] GET https://www.gstatic.com/firebasejs/releases.json 200
[debug] [2022-07-04T13:55:44.730Z] <<< [apiv2][body] GET https://www.gstatic.com/firebasejs/releases.json {"current":{"version":"9.8.4","browserURL":"https://www.gstatic.com/firebasejs/9.8.4/firebase.js","packageURL":"https://www.gstatic.com/firebasejs/9.8.4/firebase.tgz"},"live":{"version":"9.8","browserURL":"https://www.gstatic.com/firebasejs/live/9.8/firebase.js","packageURL":"https://www.gstatic.com/firebasejs/live/9.8/firebase.tgz"},"components":{"analytics":"https://www.gstatic.com/firebasejs/9.8.4/firebase-analytics.js","app":"https://www.gstatic.com/firebasejs/9.8.4/firebase-app.js","app-check":"https://www.gstatic.com/firebasejs/9.8.4/firebase-app-check.js","auth":"https://www.gstatic.com/firebasejs/9.8.4/firebase-auth.js","auth/cordova":"https://www.gstatic.com/firebasejs/9.8.4/firebase-auth/cordova.js","auth/react-native":"https://www.gstatic.com/firebasejs/9.8.4/firebase-auth/react-native.js","functions":"https://www.gstatic.com/firebasejs/9.8.4/firebase-functions.js","firestore":"https://www.gstatic.com/firebasejs/9.8.4/firebase-firestore.js","firestore/lite":"https://www.gstatic.com/firebasejs/9.8.4/firebase-firestore/lite.js","storage":"https://www.gstatic.com/firebasejs/9.8.4/firebase-storage.js","performance":"https://www.gstatic.com/firebasejs/9.8.4/firebase-performance.js","remote-config":"https://www.gstatic.com/firebasejs/9.8.4/firebase-remote-config.js","messaging":"https://www.gstatic.com/firebasejs/9.8.4/firebase-messaging.js","messaging/sw":"https://www.gstatic.com/firebasejs/9.8.4/firebase-messaging/sw.js","database":"https://www.gstatic.com/firebasejs/9.8.4/firebase-database.js","firestore.memory":"https://www.gstatic.com/firebasejs/9.8.4/firebase-firestore.memory.js"}}
[info] i  Skipping write of build/index.html 
[info] 
[info] i  Detected a .git folder at C:\Users\Pravith ba\Desktop\Programing projects\Assignment-finstack 
[info] i  Authorizing with GitHub to upload your service account to a GitHub repository's secrets store. 
[info] 
[info] Visit this URL on this device to log in:
[info] https://github.com/login/oauth/authorize?client_id=89cf50f02ac6aaed3484&state=645720545&redirect_uri=http%3A%2F%2Flocalhost%3A9005&scope=read%3Auser%20repo%20public_repo
[info] 
[info] Waiting for authentication...
[debug] [2022-07-04T13:56:06.909Z] >>> [apiv2][query] POST https://github.com/login/oauth/access_token [none]
[debug] [2022-07-04T13:56:06.910Z] >>> [apiv2][body] POST https://github.com/login/oauth/access_token [stream]
[debug] [2022-07-04T13:56:07.301Z] <<< [apiv2][status] POST https://github.com/login/oauth/access_token 200
[debug] [2022-07-04T13:56:07.302Z] <<< [apiv2][body] POST https://github.com/login/oauth/access_token {"access_token":"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","token_type":"bearer","scope":"read:user,repo"}
[debug] [2022-07-04T13:56:07.314Z] >>> [apiv2][query] GET https://api.github.com/user [none]
[debug] [2022-07-04T13:56:07.702Z] <<< [apiv2][status] GET https://api.github.com/user 200
[debug] [2022-07-04T13:56:07.702Z] <<< [apiv2][body] GET https://api.github.com/user {"login":"PravithBA","id":70630469,"node_id":"MDQ6VXNlcjcwNjMwNDY5","avatar_url":"https://avatars.githubusercontent.com/u/70630469?v=4","gravatar_id":"","url":"https://api.github.com/users/PravithBA","html_url":"https://github.com/PravithBA","followers_url":"https://api.github.com/users/PravithBA/followers","following_url":"https://api.github.com/users/PravithBA/following{/other_user}","gists_url":"https://api.github.com/users/PravithBA/gists{/gist_id}","starred_url":"https://api.github.com/users/PravithBA/starred{/owner}{/repo}","subscriptions_url":"https://api.github.com/users/PravithBA/subscriptions","organizations_url":"https://api.github.com/users/PravithBA/orgs","repos_url":"https://api.github.com/users/PravithBA/repos","events_url":"https://api.github.com/users/PravithBA/events{/privacy}","received_events_url":"https://api.github.com/users/PravithBA/received_events","type":"User","site_admin":false,"name":"Pravith_B_A","company":null,"blog":"","location":null,"email":null,"hireable":null,"bio":null,"twitter_username":null,"public_repos":8,"public_gists":0,"followers":0,"following":1,"created_at":"2020-09-02T08:05:54Z","updated_at":"2022-06-28T21:29:11Z","private_gists":0,"total_private_repos":7,"owned_private_repos":7,"disk_usage":14934,"collaborators":0,"two_factor_authentication":false,"plan":{"name":"free","space":976562499,"collaborators":0,"private_repos":10000}}
[info] 
[info] +  Success! Logged into GitHub as PravithBA 
[info] 
